{"D:\\React-CZT-Training\\Redux\\ClaimManagementSystem\\Actions\\login.js": {"path":"D:\\React-CZT-Training\\Redux\\ClaimManagementSystem\\Actions\\login.js","statementMap":{"0":{"start":{"line":11,"column":12},"end":{"line":11,"column":14}},"1":{"start":{"line":14,"column":4},"end":{"line":41,"column":5}},"2":{"start":{"line":15,"column":8},"end":{"line":28,"column":10}},"3":{"start":{"line":16,"column":21},"end":{"line":16,"column":29}},"4":{"start":{"line":24,"column":12},"end":{"line":27,"column":18}}},"fnMap":{"0":{"name":"getsUsersList","decl":{"start":{"line":12,"column":16},"end":{"line":12,"column":29}},"loc":{"start":{"line":12,"column":31},"end":{"line":42,"column":1}},"line":12},"1":{"name":"(anonymous_1)","decl":{"start":{"line":14,"column":11},"end":{"line":14,"column":12}},"loc":{"start":{"line":14,"column":30},"end":{"line":41,"column":5}},"line":14},"2":{"name":"(anonymous_2)","decl":{"start":{"line":16,"column":14},"end":{"line":16,"column":15}},"loc":{"start":{"line":16,"column":21},"end":{"line":16,"column":29}},"line":16},"3":{"name":"(anonymous_3)","decl":{"start":{"line":23,"column":14},"end":{"line":23,"column":15}},"loc":{"start":{"line":23,"column":22},"end":{"line":28,"column":9}},"line":23}},"branchMap":{},"s":{"0":1,"1":2,"2":0,"3":0,"4":0},"f":{"0":2,"1":0,"2":0,"3":0},"b":{},"_coverageSchema":"1a1c01bbd47fc00a2c39e90264f33305004495a9","hash":"9f440ab5c54d9197f04b5a193379dafccb7549fc"}
,"D:\\React-CZT-Training\\Redux\\ClaimManagementSystem\\Components\\Login.jsx": {"path":"D:\\React-CZT-Training\\Redux\\ClaimManagementSystem\\Components\\Login.jsx","statementMap":{"0":{"start":{"line":12,"column":8},"end":{"line":12,"column":21}},"1":{"start":{"line":14,"column":8},"end":{"line":26,"column":9}},"2":{"start":{"line":28,"column":8},"end":{"line":28,"column":57}},"3":{"start":{"line":32,"column":8},"end":{"line":32,"column":35}},"4":{"start":{"line":46,"column":31},"end":{"line":46,"column":36}},"5":{"start":{"line":46,"column":57},"end":{"line":46,"column":62}},"6":{"start":{"line":47,"column":22},"end":{"line":47,"column":41}},"7":{"start":{"line":48,"column":20},"end":{"line":48,"column":76}},"8":{"start":{"line":48,"column":39},"end":{"line":48,"column":75}},"9":{"start":{"line":49,"column":8},"end":{"line":65,"column":9}},"10":{"start":{"line":50,"column":12},"end":{"line":50,"column":36}},"11":{"start":{"line":51,"column":12},"end":{"line":53,"column":15}},"12":{"start":{"line":54,"column":12},"end":{"line":54,"column":25}},"13":{"start":{"line":57,"column":12},"end":{"line":64,"column":13}},"14":{"start":{"line":58,"column":16},"end":{"line":58,"column":40}},"15":{"start":{"line":59,"column":16},"end":{"line":62,"column":19}},"16":{"start":{"line":63,"column":16},"end":{"line":63,"column":29}},"17":{"start":{"line":66,"column":8},"end":{"line":69,"column":11}},"18":{"start":{"line":70,"column":8},"end":{"line":70,"column":20}},"19":{"start":{"line":74,"column":21},"end":{"line":74,"column":40}},"20":{"start":{"line":75,"column":18},"end":{"line":75,"column":37}},"21":{"start":{"line":76,"column":28},"end":{"line":76,"column":33}},"22":{"start":{"line":76,"column":49},"end":{"line":76,"column":54}},"23":{"start":{"line":76,"column":71},"end":{"line":76,"column":76}},"24":{"start":{"line":76,"column":92},"end":{"line":76,"column":97}},"25":{"start":{"line":76,"column":110},"end":{"line":76,"column":115}},"26":{"start":{"line":78,"column":8},"end":{"line":78,"column":72}},"27":{"start":{"line":80,"column":31},"end":{"line":80,"column":39}},"28":{"start":{"line":81,"column":8},"end":{"line":83,"column":12}},"29":{"start":{"line":82,"column":12},"end":{"line":82,"column":28}},"30":{"start":{"line":85,"column":34},"end":{"line":85,"column":42}},"31":{"start":{"line":86,"column":11},"end":{"line":88,"column":12}},"32":{"start":{"line":87,"column":12},"end":{"line":87,"column":30}},"33":{"start":{"line":91,"column":25},"end":{"line":91,"column":33}},"34":{"start":{"line":92,"column":11},"end":{"line":94,"column":12}},"35":{"start":{"line":93,"column":12},"end":{"line":93,"column":29}},"36":{"start":{"line":97,"column":11},"end":{"line":99,"column":12}},"37":{"start":{"line":98,"column":12},"end":{"line":98,"column":29}},"38":{"start":{"line":101,"column":11},"end":{"line":135,"column":12}},"39":{"start":{"line":102,"column":12},"end":{"line":109,"column":15}},"40":{"start":{"line":110,"column":12},"end":{"line":110,"column":25}},"41":{"start":{"line":113,"column":38},"end":{"line":113,"column":64}},"42":{"start":{"line":114,"column":16},"end":{"line":120,"column":19}},"43":{"start":{"line":126,"column":16},"end":{"line":133,"column":15}},"44":{"start":{"line":134,"column":12},"end":{"line":134,"column":35}},"45":{"start":{"line":139,"column":8},"end":{"line":139,"column":31}},"46":{"start":{"line":140,"column":24},"end":{"line":140,"column":50}},"47":{"start":{"line":141,"column":8},"end":{"line":143,"column":9}},"48":{"start":{"line":142,"column":12},"end":{"line":142,"column":44}},"49":{"start":{"line":147,"column":19},"end":{"line":183,"column":9}},"50":{"start":{"line":158,"column":185},"end":{"line":158,"column":226}},"51":{"start":{"line":162,"column":189},"end":{"line":162,"column":230}},"52":{"start":{"line":184,"column":8},"end":{"line":191,"column":10}},"53":{"start":{"line":195,"column":24},"end":{"line":201,"column":1}},"54":{"start":{"line":196,"column":4},"end":{"line":200,"column":6}},"55":{"start":{"line":203,"column":27},"end":{"line":208,"column":1}},"56":{"start":{"line":205,"column":4},"end":{"line":205,"column":55}}},"fnMap":{"0":{"name":"(anonymous_0)","decl":{"start":{"line":11,"column":4},"end":{"line":11,"column":5}},"loc":{"start":{"line":11,"column":22},"end":{"line":29,"column":5}},"line":11},"1":{"name":"(anonymous_1)","decl":{"start":{"line":31,"column":4},"end":{"line":31,"column":5}},"loc":{"start":{"line":31,"column":24},"end":{"line":43,"column":7}},"line":31},"2":{"name":"(anonymous_2)","decl":{"start":{"line":45,"column":4},"end":{"line":45,"column":5}},"loc":{"start":{"line":45,"column":25},"end":{"line":71,"column":5}},"line":45},"3":{"name":"(anonymous_3)","decl":{"start":{"line":48,"column":31},"end":{"line":48,"column":32}},"loc":{"start":{"line":48,"column":39},"end":{"line":48,"column":75}},"line":48},"4":{"name":"(anonymous_4)","decl":{"start":{"line":73,"column":4},"end":{"line":73,"column":5}},"loc":{"start":{"line":73,"column":26},"end":{"line":136,"column":6}},"line":73},"5":{"name":"(anonymous_5)","decl":{"start":{"line":138,"column":5},"end":{"line":138,"column":6}},"loc":{"start":{"line":138,"column":25},"end":{"line":144,"column":6}},"line":138},"6":{"name":"(anonymous_6)","decl":{"start":{"line":146,"column":4},"end":{"line":146,"column":5}},"loc":{"start":{"line":146,"column":12},"end":{"line":192,"column":5}},"line":146},"7":{"name":"(anonymous_7)","decl":{"start":{"line":158,"column":182},"end":{"line":158,"column":183}},"loc":{"start":{"line":158,"column":185},"end":{"line":158,"column":226}},"line":158},"8":{"name":"(anonymous_8)","decl":{"start":{"line":162,"column":186},"end":{"line":162,"column":187}},"loc":{"start":{"line":162,"column":189},"end":{"line":162,"column":230}},"line":162},"9":{"name":"(anonymous_9)","decl":{"start":{"line":195,"column":24},"end":{"line":195,"column":25}},"loc":{"start":{"line":195,"column":35},"end":{"line":201,"column":1}},"line":195},"10":{"name":"(anonymous_10)","decl":{"start":{"line":203,"column":27},"end":{"line":203,"column":28}},"loc":{"start":{"line":203,"column":41},"end":{"line":208,"column":1}},"line":203}},"branchMap":{"0":{"loc":{"start":{"line":49,"column":8},"end":{"line":65,"column":9}},"type":"if","locations":[{"start":{"line":49,"column":8},"end":{"line":65,"column":9}},{"start":{"line":49,"column":8},"end":{"line":65,"column":9}}],"line":49},"1":{"loc":{"start":{"line":57,"column":12},"end":{"line":64,"column":13}},"type":"if","locations":[{"start":{"line":57,"column":12},"end":{"line":64,"column":13}},{"start":{"line":57,"column":12},"end":{"line":64,"column":13}}],"line":57},"2":{"loc":{"start":{"line":78,"column":24},"end":{"line":78,"column":71}},"type":"cond-expr","locations":[{"start":{"line":78,"column":59},"end":{"line":78,"column":63}},{"start":{"line":78,"column":66},"end":{"line":78,"column":71}}],"line":78},"3":{"loc":{"start":{"line":78,"column":25},"end":{"line":78,"column":55}},"type":"binary-expr","locations":[{"start":{"line":78,"column":25},"end":{"line":78,"column":39}},{"start":{"line":78,"column":43},"end":{"line":78,"column":55}}],"line":78},"4":{"loc":{"start":{"line":81,"column":8},"end":{"line":83,"column":12}},"type":"if","locations":[{"start":{"line":81,"column":8},"end":{"line":83,"column":12}},{"start":{"line":81,"column":8},"end":{"line":83,"column":12}}],"line":81},"5":{"loc":{"start":{"line":86,"column":11},"end":{"line":88,"column":12}},"type":"if","locations":[{"start":{"line":86,"column":11},"end":{"line":88,"column":12}},{"start":{"line":86,"column":11},"end":{"line":88,"column":12}}],"line":86},"6":{"loc":{"start":{"line":92,"column":11},"end":{"line":94,"column":12}},"type":"if","locations":[{"start":{"line":92,"column":11},"end":{"line":94,"column":12}},{"start":{"line":92,"column":11},"end":{"line":94,"column":12}}],"line":92},"7":{"loc":{"start":{"line":97,"column":11},"end":{"line":99,"column":12}},"type":"if","locations":[{"start":{"line":97,"column":11},"end":{"line":99,"column":12}},{"start":{"line":97,"column":11},"end":{"line":99,"column":12}}],"line":97},"8":{"loc":{"start":{"line":101,"column":11},"end":{"line":135,"column":12}},"type":"if","locations":[{"start":{"line":101,"column":11},"end":{"line":135,"column":12}},{"start":{"line":101,"column":11},"end":{"line":135,"column":12}}],"line":101},"9":{"loc":{"start":{"line":101,"column":14},"end":{"line":101,"column":87}},"type":"binary-expr","locations":[{"start":{"line":101,"column":14},"end":{"line":101,"column":27}},{"start":{"line":101,"column":31},"end":{"line":101,"column":41}},{"start":{"line":101,"column":45},"end":{"line":101,"column":57}},{"start":{"line":101,"column":61},"end":{"line":101,"column":72}},{"start":{"line":101,"column":76},"end":{"line":101,"column":87}}],"line":101},"10":{"loc":{"start":{"line":141,"column":8},"end":{"line":143,"column":9}},"type":"if","locations":[{"start":{"line":141,"column":8},"end":{"line":143,"column":9}},{"start":{"line":141,"column":8},"end":{"line":143,"column":9}}],"line":141},"11":{"loc":{"start":{"line":170,"column":57},"end":{"line":170,"column":129}},"type":"cond-expr","locations":[{"start":{"line":170,"column":76},"end":{"line":170,"column":101}},{"start":{"line":170,"column":102},"end":{"line":170,"column":129}}],"line":170},"12":{"loc":{"start":{"line":171,"column":59},"end":{"line":171,"column":101}},"type":"cond-expr","locations":[{"start":{"line":171,"column":84},"end":{"line":171,"column":93}},{"start":{"line":171,"column":94},"end":{"line":171,"column":101}}],"line":171},"13":{"loc":{"start":{"line":172,"column":57},"end":{"line":172,"column":96}},"type":"cond-expr","locations":[{"start":{"line":172,"column":79},"end":{"line":172,"column":88}},{"start":{"line":172,"column":89},"end":{"line":172,"column":96}}],"line":172},"14":{"loc":{"start":{"line":173,"column":59},"end":{"line":173,"column":100}},"type":"cond-expr","locations":[{"start":{"line":173,"column":83},"end":{"line":173,"column":92}},{"start":{"line":173,"column":93},"end":{"line":173,"column":100}}],"line":173},"15":{"loc":{"start":{"line":174,"column":58},"end":{"line":174,"column":98}},"type":"cond-expr","locations":[{"start":{"line":174,"column":81},"end":{"line":174,"column":90}},{"start":{"line":174,"column":91},"end":{"line":174,"column":98}}],"line":174},"16":{"loc":{"start":{"line":175,"column":58},"end":{"line":175,"column":98}},"type":"cond-expr","locations":[{"start":{"line":175,"column":81},"end":{"line":175,"column":90}},{"start":{"line":175,"column":91},"end":{"line":175,"column":98}}],"line":175},"17":{"loc":{"start":{"line":176,"column":67},"end":{"line":176,"column":112}},"type":"cond-expr","locations":[{"start":{"line":176,"column":95},"end":{"line":176,"column":104}},{"start":{"line":176,"column":105},"end":{"line":176,"column":112}}],"line":176},"18":{"loc":{"start":{"line":177,"column":68},"end":{"line":177,"column":113}},"type":"cond-expr","locations":[{"start":{"line":177,"column":96},"end":{"line":177,"column":105}},{"start":{"line":177,"column":106},"end":{"line":177,"column":113}}],"line":177}},"s":{"0":2,"1":2,"2":2,"3":2,"4":0,"5":0,"6":0,"7":0,"8":0,"9":0,"10":0,"11":0,"12":0,"13":0,"14":0,"15":0,"16":0,"17":0,"18":0,"19":0,"20":0,"21":0,"22":0,"23":0,"24":0,"25":0,"26":0,"27":0,"28":0,"29":0,"30":0,"31":0,"32":0,"33":0,"34":0,"35":0,"36":0,"37":0,"38":0,"39":0,"40":0,"41":0,"42":0,"43":0,"44":0,"45":0,"46":0,"47":0,"48":0,"49":2,"50":0,"51":0,"52":2,"53":1,"54":2,"55":1,"56":0},"f":{"0":2,"1":2,"2":0,"3":0,"4":0,"5":0,"6":2,"7":0,"8":0,"9":2,"10":0},"b":{"0":[0,0],"1":[0,0],"2":[0,0],"3":[0,0],"4":[0,0],"5":[0,0],"6":[0,0],"7":[0,0],"8":[0,0],"9":[0,0,0,0,0],"10":[0,0],"11":[2,0],"12":[0,2],"13":[0,2],"14":[0,2],"15":[0,2],"16":[0,2],"17":[0,2],"18":[0,2]},"_coverageSchema":"1a1c01bbd47fc00a2c39e90264f33305004495a9","hash":"8bd6b00de0ff378f3d45a78a0b1a2de40e1f5b36"}
,"D:\\React-CZT-Training\\Redux\\ClaimManagementSystem\\Store\\Store.js": {"path":"D:\\React-CZT-Training\\Redux\\ClaimManagementSystem\\Store\\Store.js","statementMap":{"0":{"start":{"line":4,"column":19},"end":{"line":4,"column":41}},"1":{"start":{"line":6,"column":21},"end":{"line":11,"column":1}},"2":{"start":{"line":13,"column":14},"end":{"line":47,"column":4}},"3":{"start":{"line":14,"column":4},"end":{"line":14,"column":34}},"4":{"start":{"line":26,"column":4},"end":{"line":30,"column":5}},"5":{"start":{"line":27,"column":8},"end":{"line":29,"column":10}},"6":{"start":{"line":32,"column":4},"end":{"line":36,"column":5}},"7":{"start":{"line":33,"column":8},"end":{"line":35,"column":10}},"8":{"start":{"line":38,"column":4},"end":{"line":43,"column":5}},"9":{"start":{"line":39,"column":8},"end":{"line":42,"column":10}},"10":{"start":{"line":45,"column":4},"end":{"line":45,"column":17}},"11":{"start":{"line":49,"column":21},"end":{"line":49,"column":67}}},"fnMap":{"0":{"name":"(anonymous_0)","decl":{"start":{"line":13,"column":14},"end":{"line":13,"column":15}},"loc":{"start":{"line":13,"column":30},"end":{"line":47,"column":4}},"line":13}},"branchMap":{"0":{"loc":{"start":{"line":14,"column":12},"end":{"line":14,"column":33}},"type":"binary-expr","locations":[{"start":{"line":14,"column":12},"end":{"line":14,"column":17}},{"start":{"line":14,"column":21},"end":{"line":14,"column":33}}],"line":14},"1":{"loc":{"start":{"line":26,"column":4},"end":{"line":30,"column":5}},"type":"if","locations":[{"start":{"line":26,"column":4},"end":{"line":30,"column":5}},{"start":{"line":26,"column":4},"end":{"line":30,"column":5}}],"line":26},"2":{"loc":{"start":{"line":32,"column":4},"end":{"line":36,"column":5}},"type":"if","locations":[{"start":{"line":32,"column":4},"end":{"line":36,"column":5}},{"start":{"line":32,"column":4},"end":{"line":36,"column":5}}],"line":32},"3":{"loc":{"start":{"line":38,"column":4},"end":{"line":43,"column":5}},"type":"if","locations":[{"start":{"line":38,"column":4},"end":{"line":43,"column":5}},{"start":{"line":38,"column":4},"end":{"line":43,"column":5}}],"line":38}},"s":{"0":1,"1":1,"2":1,"3":1,"4":1,"5":0,"6":1,"7":0,"8":1,"9":0,"10":1,"11":1},"f":{"0":1},"b":{"0":[1,0],"1":[0,1],"2":[0,1],"3":[0,1]},"_coverageSchema":"1a1c01bbd47fc00a2c39e90264f33305004495a9","hash":"4f5a9fd3d369a84770e30a91a6a14355f426f522"}
,"D:\\React-CZT-Training\\Redux\\ClaimManagementSystem\\_tests_\\sum.js": {"path":"D:\\React-CZT-Training\\Redux\\ClaimManagementSystem\\_tests_\\sum.js","statementMap":{"0":{"start":{"line":2,"column":4},"end":{"line":2,"column":15}},"1":{"start":{"line":5,"column":0},"end":{"line":5,"column":21}}},"fnMap":{"0":{"name":"sum","decl":{"start":{"line":1,"column":9},"end":{"line":1,"column":12}},"loc":{"start":{"line":1,"column":17},"end":{"line":3,"column":1}},"line":1}},"branchMap":{},"s":{"0":1,"1":1},"f":{"0":1},"b":{},"_coverageSchema":"1a1c01bbd47fc00a2c39e90264f33305004495a9","hash":"e4efa865d330d3aff7f57e241fa08288b1b63022"}
,"D:\\React-CZT-Training\\Redux\\ClaimManagementSystem\\_tests_\\_mocks_\\styleMock.js": {"path":"D:\\React-CZT-Training\\Redux\\ClaimManagementSystem\\_tests_\\_mocks_\\styleMock.js","statementMap":{"0":{"start":{"line":1,"column":0},"end":{"line":1,"column":18}}},"fnMap":{},"branchMap":{},"s":{"0":1},"f":{},"b":{},"_coverageSchema":"1a1c01bbd47fc00a2c39e90264f33305004495a9","hash":"5fda0ce19d7a4e6ac38ea81c9ed8c6176b9a2ef6"}
}
