TN:
SF:Actions\login.js
FN:12,getsUsersList
FN:14,(anonymous_1)
FN:16,(anonymous_2)
FN:23,(anonymous_3)
FNF:4
FNH:1
FNDA:2,getsUsersList
FNDA:0,(anonymous_1)
FNDA:0,(anonymous_2)
FNDA:0,(anonymous_3)
DA:11,1
DA:14,2
DA:15,0
DA:16,0
DA:24,0
LF:5
LH:2
BRF:0
BRH:0
end_of_record
TN:
SF:Components\Login.jsx
FN:11,(anonymous_0)
FN:31,(anonymous_1)
FN:45,(anonymous_2)
FN:48,(anonymous_3)
FN:73,(anonymous_4)
FN:138,(anonymous_5)
FN:146,(anonymous_6)
FN:158,(anonymous_7)
FN:162,(anonymous_8)
FN:195,(anonymous_9)
FN:203,(anonymous_10)
FNF:11
FNH:4
FNDA:2,(anonymous_0)
FNDA:2,(anonymous_1)
FNDA:0,(anonymous_2)
FNDA:0,(anonymous_3)
FNDA:0,(anonymous_4)
FNDA:0,(anonymous_5)
FNDA:2,(anonymous_6)
FNDA:0,(anonymous_7)
FNDA:0,(anonymous_8)
FNDA:2,(anonymous_9)
FNDA:0,(anonymous_10)
DA:12,2
DA:14,2
DA:28,2
DA:32,2
DA:46,0
DA:47,0
DA:48,0
DA:49,0
DA:50,0
DA:51,0
DA:54,0
DA:57,0
DA:58,0
DA:59,0
DA:63,0
DA:66,0
DA:70,0
DA:74,0
DA:75,0
DA:76,0
DA:78,0
DA:80,0
DA:81,0
DA:82,0
DA:85,0
DA:86,0
DA:87,0
DA:91,0
DA:92,0
DA:93,0
DA:97,0
DA:98,0
DA:101,0
DA:102,0
DA:110,0
DA:113,0
DA:114,0
DA:126,0
DA:134,0
DA:139,0
DA:140,0
DA:141,0
DA:142,0
DA:147,2
DA:158,0
DA:162,0
DA:184,2
DA:195,1
DA:196,2
DA:203,1
DA:205,0
LF:51
LH:9
BRDA:49,0,0,0
BRDA:49,0,1,0
BRDA:57,1,0,0
BRDA:57,1,1,0
BRDA:78,2,0,0
BRDA:78,2,1,0
BRDA:78,3,0,0
BRDA:78,3,1,0
BRDA:81,4,0,0
BRDA:81,4,1,0
BRDA:86,5,0,0
BRDA:86,5,1,0
BRDA:92,6,0,0
BRDA:92,6,1,0
BRDA:97,7,0,0
BRDA:97,7,1,0
BRDA:101,8,0,0
BRDA:101,8,1,0
BRDA:101,9,0,0
BRDA:101,9,1,0
BRDA:101,9,2,0
BRDA:101,9,3,0
BRDA:101,9,4,0
BRDA:141,10,0,0
BRDA:141,10,1,0
BRDA:170,11,0,2
BRDA:170,11,1,0
BRDA:171,12,0,0
BRDA:171,12,1,2
BRDA:172,13,0,0
BRDA:172,13,1,2
BRDA:173,14,0,0
BRDA:173,14,1,2
BRDA:174,15,0,0
BRDA:174,15,1,2
BRDA:175,16,0,0
BRDA:175,16,1,2
BRDA:176,17,0,0
BRDA:176,17,1,2
BRDA:177,18,0,0
BRDA:177,18,1,2
BRF:41
BRH:8
end_of_record
TN:
SF:Store\Store.js
FN:13,(anonymous_0)
FNF:1
FNH:1
FNDA:1,(anonymous_0)
DA:4,1
DA:6,1
DA:13,1
DA:14,1
DA:26,1
DA:27,0
DA:32,1
DA:33,0
DA:38,1
DA:39,0
DA:45,1
DA:49,1
LF:12
LH:9
BRDA:14,0,0,1
BRDA:14,0,1,0
BRDA:26,1,0,0
BRDA:26,1,1,1
BRDA:32,2,0,0
BRDA:32,2,1,1
BRDA:38,3,0,0
BRDA:38,3,1,1
BRF:8
BRH:4
end_of_record
TN:
SF:_tests_\sum.js
FN:1,sum
FNF:1
FNH:1
FNDA:1,sum
DA:2,1
DA:5,1
LF:2
LH:2
BRF:0
BRH:0
end_of_record
TN:
SF:_tests_\_mocks_\styleMock.js
FNF:0
FNH:0
DA:1,1
LF:1
LH:1
BRF:0
BRH:0
end_of_record
